\BOOKMARK [0][-]{section*.1}{\376\377\000D\000e\000c\000l\000a\000r\000a\000t\000i\000o\000n\000\040\000o\000f\000\040\000A\000u\000t\000h\000o\000r\000s\000h\000i\000p}{}% 1
\BOOKMARK [0][-]{section*.2}{\376\377\000A\000b\000s\000t\000r\000a\000c\000t}{}% 2
\BOOKMARK [0][-]{section*.3}{\376\377\000A\000c\000k\000n\000o\000w\000l\000e\000d\000g\000e\000m\000e\000n\000t\000s}{}% 3
\BOOKMARK [0][-]{chapter*.4}{\376\377\000C\000o\000n\000t\000e\000n\000t\000s}{}% 4
\BOOKMARK [0][-]{chapter*.5}{\376\377\000L\000i\000s\000t\000\040\000o\000f\000\040\000F\000i\000g\000u\000r\000e\000s}{}% 5
\BOOKMARK [0][-]{chapter.6}{\376\377\000I\000n\000t\000r\000o\000d\000u\000c\000t\000i\000o\000n}{}% 6
\BOOKMARK [1][-]{subsection.8}{\376\377\000A\000l\000g\000o\000r\000i\000t\000h\000m\000s\000\040\000f\000o\000r\000\040\000s\000a\000m\000p\000l\000i\000n\000g\000\040\000r\000a\000n\000d\000o\000m\000\040\000s\000p\000a\000n\000n\000i\000n\000g\000\040\000t\000r\000e\000e\000s}{chapter.6}% 7
\BOOKMARK [2][-]{section*.9}{\376\377\000M\000a\000t\000r\000i\000x\000\040\000B\000a\000s\000e\000d\000\040}{subsection.8}% 8
\BOOKMARK [3][-]{section*.10}{\376\377\000R\000a\000n\000d\000o\000m\000\040\000W\000a\000l\000k\000\040\000B\000a\000s\000e\000d}{section*.9}% 9
\BOOKMARK [3][-]{section*.11}{\376\377\000A\000p\000p\000r\000o\000x\000i\000m\000a\000t\000i\000o\000n\000\040\000A\000l\000g\000o\000r\000i\000t\000h\000m\000s}{section*.9}% 10
\BOOKMARK [2][-]{subsection.12}{\376\377\000M\000o\000t\000i\000v\000a\000t\000i\000o\000n}{subsection.8}% 11
\BOOKMARK [2][-]{subsection.13}{\376\377\000S\000t\000r\000u\000c\000t\000u\000r\000e\000\040\000o\000f\000\040\000t\000h\000e\000\040\000t\000h\000e\000s\000i\000s}{subsection.8}% 12
\BOOKMARK [0][-]{chapter.14}{\376\377\000B\000a\000c\000k\000g\000r\000o\000u\000n\000d}{}% 13
\BOOKMARK [1][-]{section.15}{\376\377\000P\000r\000e\000l\000i\000m\000i\000n\000a\000r\000y\000\040\000L\000i\000n\000e\000a\000r\000\040\000A\000l\000g\000e\000b\000r\000a}{chapter.14}% 14
\BOOKMARK [1][-]{section.21}{\376\377\000L\000a\000p\000l\000a\000c\000i\000a\000n\000\040\000o\000f\000\040\000a\000\040\000G\000r\000a\000p\000h}{chapter.14}% 15
\BOOKMARK [2][-]{subsection.24}{\376\377\000P\000r\000o\000p\000e\000r\000t\000i\000e\000s\000\040\000o\000f\000\040\000L\000a\000p\000l\000a\000c\000i\000a\000n}{section.21}% 16
\BOOKMARK [2][-]{subsection.28}{\376\377\000K\000i\000r\000c\000h\000o\000f\000f\000\040\000M\000a\000t\000r\000i\000x\000\040\000T\000r\000e\000e\000\040\000T\000h\000e\000o\000r\000e\000m}{section.21}% 17
\BOOKMARK [1][-]{section.30}{\376\377\000E\000l\000e\000c\000t\000r\000i\000c\000\040\000N\000e\000t\000w\000o\000r\000k\000s}{chapter.14}% 18
\BOOKMARK [2][-]{subsection.31}{\376\377\000U\000n\000w\000e\000i\000g\000h\000t\000e\000d\000\040\000G\000r\000a\000p\000h}{section.30}% 19
\BOOKMARK [3][-]{section*.32}{\376\377\000I\000n\000c\000i\000d\000e\000n\000c\000e\000\040\000M\000a\000t\000r\000i\000x}{subsection.31}% 20
\BOOKMARK [3][-]{section*.35}{\376\377\000K\000i\000r\000c\000h\000o\000f\000f\000'\000s\000\040\000c\000u\000r\000r\000e\000n\000t\000\040\000l\000a\000w}{subsection.31}% 21
\BOOKMARK [3][-]{section*.36}{\376\377\000O\000h\000m\000'\000s\000\040\000l\000a\000w}{subsection.31}% 22
\BOOKMARK [3][-]{section*.37}{\376\377\000L\000a\000p\000l\000a\000c\000i\000a\000n\000\040\000p\000s\000e\000u\000d\000o\000i\000n\000v\000e\000r\000s\000e}{subsection.31}% 23
\BOOKMARK [3][-]{section*.38}{\376\377\000E\000f\000f\000e\000c\000t\000i\000v\000e\000\040\000R\000e\000s\000i\000s\000t\000a\000n\000c\000e}{subsection.31}% 24
\BOOKMARK [2][-]{subsection.40}{\376\377\000W\000e\000i\000g\000h\000t\000e\000d\000\040\000G\000r\000a\000p\000h}{section.30}% 25
\BOOKMARK [2][-]{subsection.41}{\376\377\000A\000n\000\040\000E\000x\000a\000m\000p\000l\000e}{section.30}% 26
\BOOKMARK [0][-]{chapter.43}{\376\377\000R\000a\000n\000d\000o\000m\000\040\000W\000a\000l\000k\000\040\000A\000p\000p\000r\000o\000a\000c\000h}{}% 27
\BOOKMARK [1][-]{section.44}{\376\377\000A\000l\000d\000o\000u\000s\000,\000\040\000B\000r\000o\000d\000e\000r}{chapter.43}% 28
\BOOKMARK [2][-]{subsection.59}{\376\377\000R\000u\000n\000n\000i\000n\000g\000\040\000T\000i\000m\000e}{section.44}% 29
\BOOKMARK [2][-]{subsection.60}{\376\377\000A\000n\000\040\000E\000x\000a\000m\000p\000l\000e}{section.44}% 30
\BOOKMARK [0][-]{chapter.62}{\376\377\000M\000a\000t\000r\000i\000x\000\040\000A\000p\000p\000r\000o\000a\000c\000h}{}% 31
\BOOKMARK [1][-]{section.63}{\376\377\000H\000a\000r\000v\000e\000y\000,\000\040\000X\000u}{chapter.62}% 32
\BOOKMARK [2][-]{section*.64}{\376\377\000N\000a\000i\000v\000e\000\040\000c\000h\000a\000i\000n\000\040\000r\000u\000l\000e\000\040\000a\000l\000g\000o\000r\000i\000t\000h\000m}{section.63}% 33
\BOOKMARK [2][-]{subsection.77}{\376\377\000S\000u\000m\000m\000a\000r\000y\000\040\000o\000f\000\040\000t\000h\000e\000\040\000p\000a\000p\000e\000r}{section.63}% 34
\BOOKMARK [2][-]{subsection.84}{\376\377\000H\000a\000r\000v\000e\000y\000,\000\040\000X\000u\000\040\000A\000l\000g\000o\000r\000i\000t\000h\000m}{section.63}% 35
\BOOKMARK [3][-]{section*.85}{\376\377\000N\000o\000t\000a\000t\000i\000o\000n}{subsection.84}% 36
\BOOKMARK [3][-]{section*.89}{\376\377\000A\000n\000\040\000E\000x\000a\000m\000p\000l\000e}{subsection.84}% 37
\BOOKMARK [2][-]{subsection.93}{\376\377\000S\000t\000r\000u\000c\000t\000u\000r\000e\000\040\000o\000f\000\040\000t\000h\000e\000\040\000p\000a\000p\000e\000r}{section.63}% 38
\BOOKMARK [2][-]{subsection.95}{\376\377\000F\000a\000c\000t\000s\000\040\000u\000s\000e\000d}{section.63}% 39
\BOOKMARK [2][-]{subsection.111}{\376\377\000T\000e\000c\000h\000n\000i\000c\000a\000l\000\040\000d\000e\000t\000a\000i\000l\000s\000\040\000o\000f\000\040\000t\000h\000e\000\040\000r\000e\000s\000u\000l\000t\000s}{section.63}% 40
\BOOKMARK [3][-]{section*.112}{\376\377\000D\000e\000l\000e\000t\000i\000o\000n}{subsection.111}% 41
\BOOKMARK [3][-]{section*.130}{\376\377\000C\000o\000n\000t\000r\000a\000c\000t\000i\000o\000n}{subsection.111}% 42
\BOOKMARK [2][-]{subsection.140}{\376\377\000S\000u\000m\000m\000a\000r\000y}{section.63}% 43
\BOOKMARK [0][-]{chapter.141}{\376\377\000C\000o\000n\000c\000l\000u\000s\000i\000o\000n}{}% 44
\BOOKMARK [0][-]{chapter*.142}{\376\377\000B\000i\000b\000l\000i\000o\000g\000r\000a\000p\000h\000y}{}% 45
