This is pdfTeX, Version 3.14159265-2.6-1.40.20 (TeX Live 2019/Arch Linux) (preloaded format=pdflatex 2020.6.5)  14 JUN 2020 21:52
entering extended mode
 restricted \write18 enabled.
 %&-line parsing enabled.
**main.tex
(./main.tex
LaTeX2e <2019-10-01> patch level 1
(./MastersDoctoralThesis.cls
Document Class: MastersDoctoralThesis 2017/08/27 v1.6 LaTeXTemplates.com
(/usr/share/texmf-dist/tex/latex/etoolbox/etoolbox.sty
Package: etoolbox 2019/09/21 v2.5h e-TeX tools for LaTeX (JAW)
\etb@tempcnta=\count80
)
(/usr/share/texmf-dist/tex/latex/l3packages/xparse/xparse.sty
(/usr/share/texmf-dist/tex/latex/l3kernel/expl3.sty
Package: expl3 2019-10-28 L3 programming layer (loader) 

(/usr/share/texmf-dist/tex/latex/l3kernel/expl3-code.tex
Package: expl3 2019-10-28 L3 programming layer (code)
\c_max_int=\count81
\l_tmpa_int=\count82
\l_tmpb_int=\count83
\g_tmpa_int=\count84
\g_tmpb_int=\count85
\l__seq_internal_a_int=\count86
\l__seq_internal_b_int=\count87
\g__kernel_prg_map_int=\count88
\c__ior_term_noprompt_ior=\count89
\c_log_iow=\count90
\l_iow_line_count_int=\count91
\l__iow_line_target_int=\count92
\l__iow_one_indent_int=\count93
\l__iow_indent_int=\count94
\c_zero_dim=\dimen102
\c_max_dim=\dimen103
\l_tmpa_dim=\dimen104
\l_tmpb_dim=\dimen105
\g_tmpa_dim=\dimen106
\g_tmpb_dim=\dimen107
\c_zero_skip=\skip41
\c_max_skip=\skip42
\l_tmpa_skip=\skip43
\l_tmpb_skip=\skip44
\g_tmpa_skip=\skip45
\g_tmpb_skip=\skip46
\c_zero_muskip=\muskip10
\c_max_muskip=\muskip11
\l_tmpa_muskip=\muskip12
\l_tmpb_muskip=\muskip13
\g_tmpa_muskip=\muskip14
\g_tmpb_muskip=\muskip15
\l_keys_choice_int=\count95
\l__intarray_loop_int=\count96
\c__intarray_sp_dim=\dimen108
\g__intarray_font_int=\count97
\c__fp_leading_shift_int=\count98
\c__fp_middle_shift_int=\count99
\c__fp_trailing_shift_int=\count100
\c__fp_big_leading_shift_int=\count101
\c__fp_big_middle_shift_int=\count102
\c__fp_big_trailing_shift_int=\count103
\c__fp_Bigg_leading_shift_int=\count104
\c__fp_Bigg_middle_shift_int=\count105
\c__fp_Bigg_trailing_shift_int=\count106
\c__kernel_randint_max_int=\count107
\g__fp_array_int=\count108
\l__fp_array_loop_int=\count109
\l__sort_length_int=\count110
\l__sort_min_int=\count111
\l__sort_top_int=\count112
\l__sort_max_int=\count113
\l__sort_true_max_int=\count114
\l__sort_block_int=\count115
\l__sort_begin_int=\count116
\l__sort_end_int=\count117
\l__sort_A_int=\count118
\l__sort_B_int=\count119
\l__sort_C_int=\count120
\l__str_internal_int=\count121
\c__str_replacement_char_int=\count122
\l__tl_analysis_normal_int=\count123
\l__tl_analysis_index_int=\count124
\l__tl_analysis_nesting_int=\count125
\l__tl_analysis_type_int=\count126
\l__regex_internal_a_int=\count127
\l__regex_internal_b_int=\count128
\l__regex_internal_c_int=\count129
\l__regex_balance_int=\count130
\l__regex_group_level_int=\count131
\l__regex_mode_int=\count132
\c__regex_cs_in_class_mode_int=\count133
\c__regex_cs_mode_int=\count134
\l__regex_catcodes_int=\count135
\l__regex_default_catcodes_int=\count136
\c__regex_catcode_D_int=\count137
\c__regex_catcode_S_int=\count138
\c__regex_catcode_L_int=\count139
\c__regex_catcode_O_int=\count140
\c__regex_catcode_A_int=\count141
\c__regex_all_catcodes_int=\count142
\l__regex_show_lines_int=\count143
\l__regex_min_state_int=\count144
\l__regex_max_state_int=\count145
\l__regex_left_state_int=\count146
\l__regex_right_state_int=\count147
\l__regex_capturing_group_int=\count148
\l__regex_min_pos_int=\count149
\l__regex_max_pos_int=\count150
\l__regex_curr_pos_int=\count151
\l__regex_start_pos_int=\count152
\l__regex_success_pos_int=\count153
\l__regex_curr_char_int=\count154
\l__regex_curr_catcode_int=\count155
\l__regex_last_char_int=\count156
\l__regex_case_changed_char_int=\count157
\l__regex_curr_state_int=\count158
\l__regex_step_int=\count159
\l__regex_min_active_int=\count160
\l__regex_max_active_int=\count161
\l__regex_replacement_csnames_int=\count162
\l__regex_match_count_int=\count163
\l__regex_min_submatch_int=\count164
\l__regex_submatch_int=\count165
\l__regex_zeroth_submatch_int=\count166
\g__regex_trace_regex_int=\count167
\c_empty_box=\box27
\l_tmpa_box=\box28
\l_tmpb_box=\box29
\g_tmpa_box=\box30
\g_tmpb_box=\box31
\l__box_top_dim=\dimen109
\l__box_bottom_dim=\dimen110
\l__box_left_dim=\dimen111
\l__box_right_dim=\dimen112
\l__box_top_new_dim=\dimen113
\l__box_bottom_new_dim=\dimen114
\l__box_left_new_dim=\dimen115
\l__box_right_new_dim=\dimen116
\l__box_internal_box=\box32
\l__coffin_internal_box=\box33
\l__coffin_internal_dim=\dimen117
\l__coffin_offset_x_dim=\dimen118
\l__coffin_offset_y_dim=\dimen119
\l__coffin_x_dim=\dimen120
\l__coffin_y_dim=\dimen121
\l__coffin_x_prime_dim=\dimen122
\l__coffin_y_prime_dim=\dimen123
\c_empty_coffin=\box34
\l__coffin_aligned_coffin=\box35
\l__coffin_aligned_internal_coffin=\box36
\l_tmpa_coffin=\box37
\l_tmpb_coffin=\box38
\g_tmpa_coffin=\box39
\g_tmpb_coffin=\box40
\l__coffin_bounding_shift_dim=\dimen124
\l__coffin_left_corner_dim=\dimen125
\l__coffin_right_corner_dim=\dimen126
\l__coffin_bottom_corner_dim=\dimen127
\l__coffin_top_corner_dim=\dimen128
\l__coffin_scaled_total_height_dim=\dimen129
\l__coffin_scaled_width_dim=\dimen130
\c__coffin_empty_coffin=\box41
\l__coffin_display_coffin=\box42
\l__coffin_display_coord_coffin=\box43
\l__coffin_display_pole_coffin=\box44
\l__coffin_display_offset_dim=\dimen131
\l__coffin_display_x_dim=\dimen132
\l__coffin_display_y_dim=\dimen133
\g__char_data_ior=\read1

(/usr/share/texmf-dist/tex/latex/l3kernel/l3deprecation.def
File: l3deprecation.def 2019-04-06 v L3 Deprecated functions
))
(/usr/share/texmf-dist/tex/latex/l3backend/l3backend-pdfmode.def
File: l3backend-pdfmode.def 2019-04-06 L3 backend support: PDF mode
\l__kernel_color_stack_int=\count168
\l__pdf_internal_box=\box45
))
Package: xparse 2019-10-11 L3 Experimental document command parser
\l__xparse_current_arg_int=\count169
\g__xparse_grabber_int=\count170
\l__xparse_m_args_int=\count171
\l__xparse_v_nesting_int=\count172
)
(/usr/share/texmf-dist/tex/latex/base/book.cls
Document Class: book 2019/08/27 v1.4j Standard LaTeX document class
(/usr/share/texmf-dist/tex/latex/base/bk11.clo
File: bk11.clo 2019/08/27 v1.4j Standard LaTeX file (size option)
)
\c@part=\count173
\c@chapter=\count174
\c@section=\count175
\c@subsection=\count176
\c@subsubsection=\count177
\c@paragraph=\count178
\c@subparagraph=\count179
\c@figure=\count180
\c@table=\count181
\abovecaptionskip=\skip47
\belowcaptionskip=\skip48
\bibindent=\dimen134
)
(/usr/share/texmf-dist/tex/generic/babel/babel.sty
Package: babel 2019/10/15 3.35 The Babel package

(/usr/share/texmf-dist/tex/generic/babel/switch.def
File: switch.def 2019/10/15 3.35 Babel switching mechanism
)
(/usr/share/texmf-dist/tex/generic/babel-english/english.ldf
Language: english 2017/06/06 v3.3r English support from the babel system

(/usr/share/texmf-dist/tex/generic/babel/babel.def
File: babel.def 2019/10/15 3.35 Babel common definitions
\babel@savecnt=\count182
\U@D=\dimen135

(/usr/share/texmf-dist/tex/generic/babel/txtbabel.def)
\bbl@dirlevel=\count183
)
\l@canadian = a dialect from \language\l@american 
\l@australian = a dialect from \language\l@british 
\l@newzealand = a dialect from \language\l@british 
))
(/usr/share/texmf-dist/tex/latex/koma-script/scrbase.sty
Package: scrbase 2019/10/12 v3.27 KOMA-Script package (KOMA-Script-independent 
basics and keyval usage)

(/usr/share/texmf-dist/tex/latex/graphics/keyval.sty
Package: keyval 2014/10/28 v1.15 key=value parser (DPC)
\KV@toks@=\toks14
)
(/usr/share/texmf-dist/tex/latex/koma-script/scrlfile.sty
Package: scrlfile 2019/10/12 v3.27 KOMA-Script package (loading files)
))
(/usr/share/texmf-dist/tex/latex/koma-script/scrhack.sty
Package: scrhack 2019/10/12 v3.27 KOMA-Script package (hacking other packages)

(/usr/share/texmf-dist/tex/latex/koma-script/scrkbase.sty
Package: scrkbase 2019/10/12 v3.27 KOMA-Script package (KOMA-Script-dependent b
asics and keyval usage)
)
(/usr/share/texmf-dist/tex/latex/xpatch/xpatch.sty
Package: xpatch 2012/10/02 v0.3 Extending etoolbox patching commands
))
(/usr/share/texmf-dist/tex/latex/setspace/setspace.sty
Package: setspace 2011/12/19 v6.7a set line spacing
)
Package scrhack Info: loading setspace hack on input line 193.

(/usr/share/texmf-dist/tex/latex/koma-script/setspace.hak
File: setspace.hak 2019/10/12 v3.27 KOMA-Script scrhack part (hacking package s
etspace)
)
(/usr/share/texmf-dist/tex/latex/tools/longtable.sty
Package: longtable 2019/02/06 v4.12 Multi-page Table package (DPC)
\LTleft=\skip49
\LTright=\skip50
\LTpre=\skip51
\LTpost=\skip52
\LTchunksize=\count184
\LTcapwidth=\dimen136
\LT@head=\box46
\LT@firsthead=\box47
\LT@foot=\box48
\LT@lastfoot=\box49
\LT@cols=\count185
\LT@rows=\count186
\c@LT@tables=\count187
\c@LT@chunks=\count188
\LT@p@ftn=\toks15
)
(/usr/share/texmf-dist/tex/latex/siunitx/siunitx.sty
Package: siunitx 2019/10/10 v2.7t A comprehensive (SI) units package

(/usr/share/texmf-dist/tex/latex/amsmath/amstext.sty
Package: amstext 2000/06/29 v2.01 AMS text

(/usr/share/texmf-dist/tex/latex/amsmath/amsgen.sty
File: amsgen.sty 1999/11/30 v2.0 generic functions
\@emptytoks=\toks16
\ex@=\dimen137
))
(/usr/share/texmf-dist/tex/latex/tools/array.sty
Package: array 2019/08/31 v2.4l Tabular extension package (FMi)
\col@sep=\dimen138
\ar@mcellbox=\box50
\extrarowheight=\dimen139
\NC@list=\toks17
\extratabsurround=\skip53
\backup@length=\skip54
\ar@cellbox=\box51
)
(/usr/share/texmf-dist/tex/latex/l3packages/l3keys2e/l3keys2e.sty
Package: l3keys2e 2019-10-11 LaTeX2e option processing using LaTeX3 keys
)
\l__siunitx_tmp_box=\box52
\l__siunitx_tmp_dim=\dimen140
\l__siunitx_tmp_int=\count189
\l__siunitx_number_mantissa_length_int=\count190
\l__siunitx_number_uncert_length_int=\count191
\l__siunitx_round_int=\count192
\l__siunitx_process_decimal_int=\count193
\l__siunitx_process_uncertainty_int=\count194
\l__siunitx_process_fixed_int=\count195
\l__siunitx_process_integer_min_int=\count196
\l__siunitx_process_precision_int=\count197
\l__siunitx_group_min_int=\count198
\l__siunitx_angle_marker_box=\box53
\l__siunitx_angle_unit_box=\box54
\l__siunitx_angle_marker_dim=\dimen141
\l__siunitx_angle_unit_dim=\dimen142
\l__siunitx_unit_int=\count199
\l__siunitx_unit_denominator_int=\count266
\l__siunitx_unit_numerator_int=\count267
\l__siunitx_unit_prefix_int=\count268
\l__siunitx_unit_prefix_base_int=\count269
\l__siunitx_unit_prefix_gram_int=\count270
\l__siunitx_number_product_int=\count271
\c__siunitx_one_fill_skip=\skip55
\l__siunitx_table_unit_align_skip=\skip56
\l__siunitx_table_exponent_dim=\dimen143
\l__siunitx_table_integer_dim=\dimen144
\l__siunitx_table_mantissa_dim=\dimen145
\l__siunitx_table_marker_dim=\dimen146
\l__siunitx_table_result_dim=\dimen147
\l__siunitx_table_uncert_dim=\dimen148
\l__siunitx_table_fill_pre_dim=\dimen149
\l__siunitx_table_fill_post_dim=\dimen150
\l__siunitx_table_fill_mid_dim=\dimen151
\l__siunitx_table_pre_box=\box55
\l__siunitx_table_post_box=\box56
\l__siunitx_table_mantissa_box=\box57
\l__siunitx_table_result_box=\box58
\l__siunitx_table_number_align_skip=\skip57
\l__siunitx_table_text_align_skip=\skip58

(/usr/share/texmf-dist/tex/latex/translator/translator.sty
Package: translator 2019-05-31 v1.12a Easy translation of strings in LaTeX
))
(/usr/share/texmf-dist/tex/latex/graphics/graphicx.sty
Package: graphicx 2017/06/01 v1.1a Enhanced LaTeX Graphics (DPC,SPQR)

(/usr/share/texmf-dist/tex/latex/graphics/graphics.sty
Package: graphics 2019/10/08 v1.3c Standard LaTeX Graphics (DPC,SPQR)

(/usr/share/texmf-dist/tex/latex/graphics/trig.sty
Package: trig 2016/01/03 v1.10 sin cos tan (DPC)
)
(/usr/share/texmf-dist/tex/latex/graphics-cfg/graphics.cfg
File: graphics.cfg 2016/06/04 v1.11 sample graphics configuration
)
Package graphics Info: Driver file: pdftex.def on input line 105.

(/usr/share/texmf-dist/tex/latex/graphics-def/pdftex.def
File: pdftex.def 2018/01/08 v1.0l Graphics/color driver for pdftex
))
\Gin@req@height=\dimen152
\Gin@req@width=\dimen153
)
(/usr/share/texmf-dist/tex/latex/booktabs/booktabs.sty
Package: booktabs 2019/10/08 v1.6180339 publication quality tables
\heavyrulewidth=\dimen154
\lightrulewidth=\dimen155
\cmidrulewidth=\dimen156
\belowrulesep=\dimen157
\belowbottomsep=\dimen158
\aboverulesep=\dimen159
\abovetopsep=\dimen160
\cmidrulesep=\dimen161
\cmidrulekern=\dimen162
\defaultaddspace=\dimen163
\@cmidla=\count272
\@cmidlb=\count273
\@aboverulesep=\dimen164
\@belowrulesep=\dimen165
\@thisruleclass=\count274
\@lastruleclass=\count275
\@thisrulewidth=\dimen166
)
(/usr/share/texmf-dist/tex/latex/caption/caption.sty
Package: caption 2019/09/01 v3.3d Customizing captions (AR)

(/usr/share/texmf-dist/tex/latex/caption/caption3.sty
Package: caption3 2019/09/01 v1.8d caption3 kernel (AR)
Package caption3 Info: TeX engine: e-TeX on input line 64.
\captionmargin=\dimen167
\captionmargin@=\dimen168
\captionwidth=\dimen169
\caption@tempdima=\dimen170
\caption@indent=\dimen171
\caption@parindent=\dimen172
\caption@hangindent=\dimen173
)
\c@caption@flags=\count276
\c@ContinuedFloat=\count277
Package caption Info: longtable package is loaded.

(/usr/share/texmf-dist/tex/latex/caption/ltcaption.sty
Package: ltcaption 2018/08/26 v1.4a longtable captions (AR)
))
(/usr/share/texmf-dist/tex/latex/xcolor/xcolor.sty
Package: xcolor 2016/05/11 v2.12 LaTeX color extensions (UK)

(/usr/share/texmf-dist/tex/latex/graphics-cfg/color.cfg
File: color.cfg 2016/01/02 v1.6 sample color configuration
)
Package xcolor Info: Driver file: pdftex.def on input line 225.
Package xcolor Info: Model `cmy' substituted by `cmy0' on input line 1348.
Package xcolor Info: Model `hsb' substituted by `rgb' on input line 1352.
Package xcolor Info: Model `RGB' extended on input line 1364.
Package xcolor Info: Model `HTML' substituted by `rgb' on input line 1366.
Package xcolor Info: Model `Hsb' substituted by `hsb' on input line 1367.
Package xcolor Info: Model `tHsb' substituted by `hsb' on input line 1368.
Package xcolor Info: Model `HSB' substituted by `hsb' on input line 1369.
Package xcolor Info: Model `Gray' substituted by `gray' on input line 1370.
Package xcolor Info: Model `wave' substituted by `hsb' on input line 1371.
)
(/usr/share/texmf-dist/tex/latex/geometry/geometry.sty
Package: geometry 2018/04/16 v5.8 Page Geometry

(/usr/share/texmf-dist/tex/generic/oberdiek/ifpdf.sty
Package: ifpdf 2018/09/07 v3.3 Provides the ifpdf switch
)
(/usr/share/texmf-dist/tex/generic/oberdiek/ifvtex.sty
Package: ifvtex 2016/05/16 v1.6 Detect VTeX and its facilities (HO)
Package ifvtex Info: VTeX not detected.
)
(/usr/share/texmf-dist/tex/generic/ifxetex/ifxetex.sty
Package: ifxetex 2010/09/12 v0.6 Provides ifxetex conditional
)
\Gm@cnth=\count278
\Gm@cntv=\count279
\c@Gm@tempcnt=\count280
\Gm@bindingoffset=\dimen174
\Gm@wd@mp=\dimen175
\Gm@odd@mp=\dimen176
\Gm@even@mp=\dimen177
\Gm@layoutwidth=\dimen178
\Gm@layoutheight=\dimen179
\Gm@layouthoffset=\dimen180
\Gm@layoutvoffset=\dimen181
\Gm@dimlist=\toks18
)
(/usr/share/texmf-dist/tex/latex/koma-script/scrlayer-scrpage.sty
Package: scrlayer-scrpage 2019/10/12 v3.27 KOMA-Script package (end user interf
ace for scrlayer)

(/usr/share/texmf-dist/tex/latex/koma-script/scrlayer.sty
Package: scrlayer 2019/10/12 v3.27 KOMA-Script package (defining layers and pag
e styles)
\footheight=\skip59
Package scrlayer Info: patching LaTeX kernel macro \pagestyle on input line 208
3.
)
Package scrbase Info: Unknown processing state.
(scrbase)             Processing option `markcase=used'
(scrbase)             of member `.scrlayer-scrpage.sty' of family
(scrbase)             `KOMA' doesn't set
(scrbase)             a valid state. This will be interpreted
(scrbase)             as \FamilyKeyStateProcessed on input line 724.
)
Package scrlayer-scrpage Info: auto-selection of `pagestyleset=standard'.

1: chapter
1: chapter
1: section
) (/usr/share/texmf-dist/tex/latex/base/inputenc.sty
Package: inputenc 2018/08/11 v1.3c Input encoding file
\inpenc@prehook=\toks19
\inpenc@posthook=\toks20
)
(/usr/share/texmf-dist/tex/latex/base/fontenc.sty
Package: fontenc 2018/08/11 v2.0j Standard LaTeX package

(/usr/share/texmf-dist/tex/latex/base/t1enc.def
File: t1enc.def 2018/08/11 v2.0j Standard LaTeX file
LaTeX Font Info:    Redeclaring font encoding T1 on input line 48.
))
(/usr/share/texmf-dist/tex/latex/lm/lmodern.sty
Package: lmodern 2009/10/30 v1.6 Latin Modern Fonts
LaTeX Font Info:    Overwriting symbol font `operators' in version `normal'
(Font)                  OT1/cmr/m/n --> OT1/lmr/m/n on input line 22.
LaTeX Font Info:    Overwriting symbol font `letters' in version `normal'
(Font)                  OML/cmm/m/it --> OML/lmm/m/it on input line 23.
LaTeX Font Info:    Overwriting symbol font `symbols' in version `normal'
(Font)                  OMS/cmsy/m/n --> OMS/lmsy/m/n on input line 24.
LaTeX Font Info:    Overwriting symbol font `largesymbols' in version `normal'
(Font)                  OMX/cmex/m/n --> OMX/lmex/m/n on input line 25.
LaTeX Font Info:    Overwriting symbol font `operators' in version `bold'
(Font)                  OT1/cmr/bx/n --> OT1/lmr/bx/n on input line 26.
LaTeX Font Info:    Overwriting symbol font `letters' in version `bold'
(Font)                  OML/cmm/b/it --> OML/lmm/b/it on input line 27.
LaTeX Font Info:    Overwriting symbol font `symbols' in version `bold'
(Font)                  OMS/cmsy/b/n --> OMS/lmsy/b/n on input line 28.
LaTeX Font Info:    Overwriting symbol font `largesymbols' in version `bold'
(Font)                  OMX/cmex/m/n --> OMX/lmex/m/n on input line 29.
LaTeX Font Info:    Overwriting math alphabet `\mathbf' in version `normal'
(Font)                  OT1/cmr/bx/n --> OT1/lmr/bx/n on input line 31.
LaTeX Font Info:    Overwriting math alphabet `\mathsf' in version `normal'
(Font)                  OT1/cmss/m/n --> OT1/lmss/m/n on input line 32.
LaTeX Font Info:    Overwriting math alphabet `\mathit' in version `normal'
(Font)                  OT1/cmr/m/it --> OT1/lmr/m/it on input line 33.
LaTeX Font Info:    Overwriting math alphabet `\mathtt' in version `normal'
(Font)                  OT1/cmtt/m/n --> OT1/lmtt/m/n on input line 34.
LaTeX Font Info:    Overwriting math alphabet `\mathbf' in version `bold'
(Font)                  OT1/cmr/bx/n --> OT1/lmr/bx/n on input line 35.
LaTeX Font Info:    Overwriting math alphabet `\mathsf' in version `bold'
(Font)                  OT1/cmss/bx/n --> OT1/lmss/bx/n on input line 36.
LaTeX Font Info:    Overwriting math alphabet `\mathit' in version `bold'
(Font)                  OT1/cmr/bx/it --> OT1/lmr/bx/it on input line 37.
LaTeX Font Info:    Overwriting math alphabet `\mathtt' in version `bold'
(Font)                  OT1/cmtt/m/n --> OT1/lmtt/m/n on input line 38.
)
(/usr/share/texmf-dist/tex/latex/biblatex/biblatex.sty
Package: biblatex 2019/08/31 v3.13a programmable bibliographies (PK/MW)

(/usr/share/texmf-dist/tex/generic/oberdiek/pdftexcmds.sty
Package: pdftexcmds 2019/07/25 v0.30 Utility functions of pdfTeX for LuaTeX (HO
)

(/usr/share/texmf-dist/tex/generic/oberdiek/infwarerr.sty
Package: infwarerr 2016/05/16 v1.4 Providing info/warning/error messages (HO)
)
(/usr/share/texmf-dist/tex/generic/oberdiek/ifluatex.sty
Package: ifluatex 2016/05/16 v1.4 Provides the ifluatex switch (HO)
Package ifluatex Info: LuaTeX not detected.
)
(/usr/share/texmf-dist/tex/generic/oberdiek/ltxcmds.sty
Package: ltxcmds 2016/05/16 v1.23 LaTeX kernel commands for general use (HO)
)
Package pdftexcmds Info: LuaTeX not detected.
Package pdftexcmds Info: \pdf@primitive is available.
Package pdftexcmds Info: \pdf@ifprimitive is available.
Package pdftexcmds Info: \pdfdraftmode found.
)
(/usr/share/texmf-dist/tex/latex/oberdiek/kvoptions.sty
Package: kvoptions 2016/05/16 v3.12 Key value format for package options (HO)

(/usr/share/texmf-dist/tex/generic/oberdiek/kvsetkeys.sty
Package: kvsetkeys 2016/05/16 v1.17 Key value parser (HO)

(/usr/share/texmf-dist/tex/generic/oberdiek/etexcmds.sty
Package: etexcmds 2016/05/16 v1.6 Avoid name clashes with e-TeX commands (HO)
)))
(/usr/share/texmf-dist/tex/latex/logreq/logreq.sty
Package: logreq 2010/08/04 v1.0 xml request logger
\lrq@indent=\count281

(/usr/share/texmf-dist/tex/latex/logreq/logreq.def
File: logreq.def 2010/08/04 v1.0 logreq spec v1.0
))
(/usr/share/texmf-dist/tex/latex/base/ifthen.sty
Package: ifthen 2014/09/29 v1.1c Standard LaTeX ifthen package (DPC)
)
(/usr/share/texmf-dist/tex/latex/url/url.sty
\Urlmuskip=\muskip16
Package: url 2013/09/16  ver 3.4  Verb mode for urls, etc.
)
\c@tabx@nest=\count282
\c@listtotal=\count283
\c@listcount=\count284
\c@liststart=\count285
\c@liststop=\count286
\c@citecount=\count287
\c@citetotal=\count288
\c@multicitecount=\count289
\c@multicitetotal=\count290
\c@instcount=\count291
\c@maxnames=\count292
\c@minnames=\count293
\c@maxitems=\count294
\c@minitems=\count295
\c@citecounter=\count296
\c@maxcitecounter=\count297
\c@savedcitecounter=\count298
\c@uniquelist=\count299
\c@uniquename=\count300
\c@refsection=\count301
\c@refsegment=\count302
\c@maxextratitle=\count303
\c@maxextratitleyear=\count304
\c@maxextraname=\count305
\c@maxextradate=\count306
\c@maxextraalpha=\count307
\c@abbrvpenalty=\count308
\c@highnamepenalty=\count309
\c@lownamepenalty=\count310
\c@maxparens=\count311
\c@parenlevel=\count312
\blx@tempcnta=\count313
\blx@tempcntb=\count314
\blx@tempcntc=\count315
\blx@maxsection=\count316
\blx@maxsegment@0=\count317
\blx@notetype=\count318
\blx@parenlevel@text=\count319
\blx@parenlevel@foot=\count320
\blx@sectionciteorder@0=\count321
\blx@entrysetcounter=\count322
\labelnumberwidth=\skip60
\labelalphawidth=\skip61
\biblabelsep=\skip62
\bibitemsep=\skip63
\bibnamesep=\skip64
\bibinitsep=\skip65
\bibparsep=\skip66
\bibhang=\skip67
\blx@bcfin=\read2
\blx@bcfout=\write3
\blx@langwohyphens=\language85
\c@mincomprange=\count323
\c@maxcomprange=\count324
\c@mincompwidth=\count325
Package biblatex Info: Trying to load biblatex default data model...
Package biblatex Info: ... file 'blx-dm.def' found.

(/usr/share/texmf-dist/tex/latex/biblatex/blx-dm.def
File: blx-dm.def 2019/08/31 v3.13a biblatex localization (PK/MW)
)
Package biblatex Info: Trying to load biblatex style data model...
Package biblatex Info: ... file 'numeric.dbx' not found.
Package biblatex Info: Trying to load biblatex custom data model...
Package biblatex Info: ... file 'biblatex-dm.cfg' not found.
\c@afterword=\count326
\c@savedafterword=\count327
\c@annotator=\count328
\c@savedannotator=\count329
\c@author=\count330
\c@savedauthor=\count331
\c@bookauthor=\count332
\c@savedbookauthor=\count333
\c@commentator=\count334
\c@savedcommentator=\count335
\c@editor=\count336
\c@savededitor=\count337
\c@editora=\count338
\c@savededitora=\count339
\c@editorb=\count340
\c@savededitorb=\count341
\c@editorc=\count342
\c@savededitorc=\count343
\c@foreword=\count344
\c@savedforeword=\count345
\c@holder=\count346
\c@savedholder=\count347
\c@introduction=\count348
\c@savedintroduction=\count349
\c@namea=\count350
\c@savednamea=\count351
\c@nameb=\count352
\c@savednameb=\count353
\c@namec=\count354
\c@savednamec=\count355
\c@translator=\count356
\c@savedtranslator=\count357
\c@shortauthor=\count358
\c@savedshortauthor=\count359
\c@shorteditor=\count360
\c@savedshorteditor=\count361
\c@labelname=\count362
\c@savedlabelname=\count363
\c@institution=\count364
\c@savedinstitution=\count365
\c@lista=\count366
\c@savedlista=\count367
\c@listb=\count368
\c@savedlistb=\count369
\c@listc=\count370
\c@savedlistc=\count371
\c@listd=\count372
\c@savedlistd=\count373
\c@liste=\count374
\c@savedliste=\count375
\c@listf=\count376
\c@savedlistf=\count377
\c@location=\count378
\c@savedlocation=\count379
\c@organization=\count380
\c@savedorganization=\count381
\c@origlocation=\count382
\c@savedoriglocation=\count383
\c@origpublisher=\count384
\c@savedorigpublisher=\count385
\c@publisher=\count386
\c@savedpublisher=\count387
\c@language=\count388
\c@savedlanguage=\count389
\c@origlanguage=\count390
\c@savedoriglanguage=\count391
\c@pageref=\count392
\c@savedpageref=\count393
\shorthandwidth=\skip68
\shortjournalwidth=\skip69
\shortserieswidth=\skip70
\shorttitlewidth=\skip71
\shortauthorwidth=\skip72
\shorteditorwidth=\skip73
\locallabelnumberwidth=\skip74
\locallabelalphawidth=\skip75
\localshorthandwidth=\skip76
\localshortjournalwidth=\skip77
\localshortserieswidth=\skip78
\localshorttitlewidth=\skip79
\localshortauthorwidth=\skip80
\localshorteditorwidth=\skip81
Package biblatex Info: Trying to load compatibility code...
Package biblatex Info: ... file 'blx-compat.def' found.

(/usr/share/texmf-dist/tex/latex/biblatex/blx-compat.def
File: blx-compat.def 2019/08/31 v3.13a biblatex compatibility (PK/MW)
)
Package biblatex Info: Trying to load BibTeX backend compatibility...
Package biblatex Info: ... file 'blx-bibtex.def' found.

(/usr/share/texmf-dist/tex/latex/biblatex/blx-bibtex.def
File: blx-bibtex.def 2019/08/31 v3.13a biblatex compatibility (PK/MW)


Package biblatex Warning: Using fall-back BibTeX(8) backend:
(biblatex)                functionality may be reduced/unavailable.

)
Package biblatex Info: Trying to load generic definitions...
Package biblatex Info: ... file 'biblatex.def' found.
 (/usr/share/texmf-dist/tex/latex/biblatex/biblatex.def
File: biblatex.def 2019/08/31 v3.13a biblatex compatibility (PK/MW)
\c@textcitecount=\count394
\c@textcitetotal=\count395
\c@textcitemaxnames=\count396
\c@biburlbigbreakpenalty=\count397
\c@biburlbreakpenalty=\count398
\c@biburlnumpenalty=\count399
\c@biburlucpenalty=\count400
\c@biburllcpenalty=\count401
\biburlbigskip=\muskip17
\biburlnumskip=\muskip18
\biburlucskip=\muskip19
\biburllcskip=\muskip20
\c@smartand=\count402
)
Package biblatex Info: Trying to load natbib compatibility...
Package biblatex Info: ... file 'blx-natbib.def' found.

(/usr/share/texmf-dist/tex/latex/biblatex/blx-natbib.def
File: blx-natbib.def 2019/08/31 v3.13a biblatex compatibility (PK/MW)
Package biblatex Info: Delimiter 'nameyeardelim' in context '' already defined,
 overwriting.
)
Package biblatex Info: Trying to load bibliography style 'numeric'...
Package biblatex Info: ... file 'numeric.bbx' found.

(/usr/share/texmf-dist/tex/latex/biblatex/bbx/numeric.bbx
File: numeric.bbx 2019/08/31 v3.13a biblatex bibliography style (PK/MW)
Package biblatex Info: Trying to load bibliography style 'standard'...
Package biblatex Info: ... file 'standard.bbx' found.

(/usr/share/texmf-dist/tex/latex/biblatex/bbx/standard.bbx
File: standard.bbx 2019/08/31 v3.13a biblatex bibliography style (PK/MW)
\c@bbx:relatedcount=\count403
\c@bbx:relatedtotal=\count404
))
Package biblatex Info: Trying to load citation style 'numeric'...
Package biblatex Info: ... file 'numeric.cbx' found.

(/usr/share/texmf-dist/tex/latex/biblatex/cbx/numeric.cbx
File: numeric.cbx 2019/08/31 v3.13a biblatex citation style (PK/MW)
Package biblatex Info: Redefining '\cite'.
Package biblatex Info: Redefining '\parencite'.
Package biblatex Info: Redefining '\footcite'.
Package biblatex Info: Redefining '\footcitetext'.
Package biblatex Info: Redefining '\smartcite'.
Package biblatex Info: Redefining '\supercite'.
Package biblatex Info: Redefining '\textcite'.
Package biblatex Info: Redefining '\textcites'.
Package biblatex Info: Redefining '\cites'.
Package biblatex Info: Redefining '\parencites'.
Package biblatex Info: Redefining '\smartcites'.
)
Package biblatex Info: Trying to load configuration file...
Package biblatex Info: ... file 'biblatex.cfg' found.

(/usr/share/texmf-dist/tex/latex/biblatex/biblatex.cfg
File: biblatex.cfg 
))
(/usr/share/texmf-dist/tex/latex/algorithm2e/algorithm2e.sty
Package: algorithm2e 2017/07/18 v5.2 algorithms environments
\c@AlgoLine=\count405
\algocf@hangindent=\skip82

(/usr/share/texmf-dist/tex/latex/ifoddpage/ifoddpage.sty
Package: ifoddpage 2016/04/23 v1.1 Conditionals for odd/even page detection
\c@checkoddpage=\count406
)
(/usr/share/texmf-dist/tex/latex/tools/xspace.sty
Package: xspace 2014/10/28 v1.13 Space after command names (DPC,MH)
)
(/usr/share/texmf-dist/tex/latex/relsize/relsize.sty
Package: relsize 2013/03/29 ver 4.1
)
\skiptotal=\skip83
\skiplinenumber=\skip84
\skiprule=\skip85
\skiphlne=\skip86
\skiptext=\skip87
\skiplength=\skip88
\algomargin=\skip89
\skipalgocfslide=\skip90
\algowidth=\dimen182
\inoutsize=\dimen183
\inoutindent=\dimen184
\interspacetitleruled=\dimen185
\interspacealgoruled=\dimen186
\interspacetitleboxruled=\dimen187
\algocf@ruledwidth=\skip91
\algocf@inoutbox=\box59
\algocf@inputbox=\box60
\AlCapSkip=\skip92
\AlCapHSkip=\skip93
\algoskipindent=\skip94
\algocf@nlbox=\box61
\algocf@hangingbox=\box62
\algocf@untilbox=\box63
\algocf@skipuntil=\skip95
\algocf@capbox=\box64
\algocf@lcaptionbox=\skip96
\algoheightruledefault=\skip97
\algoheightrule=\skip98
\algotitleheightruledefault=\skip99
\algotitleheightrule=\skip100
\c@algocfline=\count407
\c@algocfproc=\count408
\c@algocf=\count409
\algocf@algoframe=\box65
\algocf@algobox=\box66
)
(/usr/share/texmf-dist/tex/latex/csquotes/csquotes.sty
Package: csquotes 2019/05/10 v5.2e context-sensitive quotations (JAW)
\csq@reset=\count410
\csq@gtype=\count411
\csq@glevel=\count412
\csq@qlevel=\count413
\csq@maxlvl=\count414
\csq@tshold=\count415
\csq@ltx@everypar=\toks21

(/usr/share/texmf-dist/tex/latex/csquotes/csquotes.def
File: csquotes.def 2019/05/10 v5.2e csquotes generic definitions (JAW)
)
Package csquotes Info: Trying to load configuration file 'csquotes.cfg'...
Package csquotes Info: ... configuration file loaded successfully.

(/usr/share/texmf-dist/tex/latex/csquotes/csquotes.cfg
File: csquotes.cfg 
)
Package csquotes Info: Enabling multilingual quotes.
)
(/usr/share/texmf-dist/tex/latex/amsmath/amsmath.sty
Package: amsmath 2019/04/01 v2.17c AMS math features
\@mathmargin=\skip101

For additional information on amsmath, use the `?' option.
(/usr/share/texmf-dist/tex/latex/amsmath/amsbsy.sty
Package: amsbsy 1999/11/29 v1.2d Bold Symbols
\pmbraise@=\dimen188
)
(/usr/share/texmf-dist/tex/latex/amsmath/amsopn.sty
Package: amsopn 2016/03/08 v2.02 operator names
)
\inf@bad=\count416
LaTeX Info: Redefining \frac on input line 227.
\uproot@=\count417
\leftroot@=\count418
LaTeX Info: Redefining \overline on input line 389.
\classnum@=\count419
\DOTSCASE@=\count420
LaTeX Info: Redefining \ldots on input line 486.
LaTeX Info: Redefining \dots on input line 489.
LaTeX Info: Redefining \cdots on input line 610.
\Mathstrutbox@=\box67
\strutbox@=\box68
\big@size=\dimen189
LaTeX Font Info:    Redeclaring font encoding OML on input line 733.
LaTeX Font Info:    Redeclaring font encoding OMS on input line 734.
\macc@depth=\count421
\c@MaxMatrixCols=\count422
\dotsspace@=\muskip21
\c@parentequation=\count423
\dspbrk@lvl=\count424
\tag@help=\toks22
\row@=\count425
\column@=\count426
\maxfields@=\count427
\andhelp@=\toks23
\eqnshift@=\dimen190
\alignsep@=\dimen191
\tagshift@=\dimen192
\tagwidth@=\dimen193
\totwidth@=\dimen194
\lineht@=\dimen195
\@envbody=\toks24
\multlinegap=\skip102
\multlinetaggap=\skip103
\mathdisplay@stack=\toks25
LaTeX Info: Redefining \[ on input line 2855.
LaTeX Info: Redefining \] on input line 2856.
)
(/usr/share/texmf-dist/tex/latex/amscls/amsthm.sty
Package: amsthm 2017/10/31 v2.20.4
\thm@style=\toks26
\thm@bodyfont=\toks27
\thm@headfont=\toks28
\thm@notefont=\toks29
\thm@headpunct=\toks30
\thm@preskip=\skip104
\thm@postskip=\skip105
\thm@headsep=\skip106
\dth@everypar=\toks31
)
(/usr/share/texmf-dist/tex/latex/amsfonts/amsfonts.sty
Package: amsfonts 2013/01/14 v3.01 Basic AMSFonts support
\symAMSa=\mathgroup4
\symAMSb=\mathgroup5
LaTeX Font Info:    Redeclaring math symbol \hbar on input line 98.
LaTeX Font Info:    Overwriting math alphabet `\mathfrak' in version `bold'
(Font)                  U/euf/m/n --> U/euf/b/n on input line 106.
)
(/usr/share/texmf-dist/tex/latex/amsfonts/amssymb.sty
Package: amssymb 2013/01/14 v3.01 AMS font symbols
)
(/usr/share/texmf-dist/tex/latex/pgf/frontendlayer/tikz.sty
(/usr/share/texmf-dist/tex/latex/pgf/basiclayer/pgf.sty
(/usr/share/texmf-dist/tex/latex/pgf/utilities/pgfrcs.sty
(/usr/share/texmf-dist/tex/generic/pgf/utilities/pgfutil-common.tex
\pgfutil@everybye=\toks32
\pgfutil@tempdima=\dimen196
\pgfutil@tempdimb=\dimen197

(/usr/share/texmf-dist/tex/generic/pgf/utilities/pgfutil-common-lists.tex))
(/usr/share/texmf-dist/tex/generic/pgf/utilities/pgfutil-latex.def
\pgfutil@abb=\box69

(/usr/share/texmf-dist/tex/latex/ms/everyshi.sty
Package: everyshi 2001/05/15 v3.00 EveryShipout Package (MS)
))
(/usr/share/texmf-dist/tex/generic/pgf/utilities/pgfrcs.code.tex
(/usr/share/texmf-dist/tex/generic/pgf/pgf.revision.tex)
Package: pgfrcs 2019/08/03 v3.1.4b (3.1.4b)
))
Package: pgf 2019/08/03 v3.1.4b (3.1.4b)

(/usr/share/texmf-dist/tex/latex/pgf/basiclayer/pgfcore.sty
(/usr/share/texmf-dist/tex/latex/pgf/systemlayer/pgfsys.sty
(/usr/share/texmf-dist/tex/generic/pgf/systemlayer/pgfsys.code.tex
Package: pgfsys 2019/08/03 v3.1.4b (3.1.4b)

(/usr/share/texmf-dist/tex/generic/pgf/utilities/pgfkeys.code.tex
\pgfkeys@pathtoks=\toks33
\pgfkeys@temptoks=\toks34

(/usr/share/texmf-dist/tex/generic/pgf/utilities/pgfkeysfiltered.code.tex
\pgfkeys@tmptoks=\toks35
))
\pgf@x=\dimen198
\pgf@y=\dimen199
\pgf@xa=\dimen256
\pgf@ya=\dimen257
\pgf@xb=\dimen258
\pgf@yb=\dimen259
\pgf@xc=\dimen260
\pgf@yc=\dimen261
\pgf@xd=\dimen262
\pgf@yd=\dimen263
\w@pgf@writea=\write4
\r@pgf@reada=\read3
\c@pgf@counta=\count428
\c@pgf@countb=\count429
\c@pgf@countc=\count430
\c@pgf@countd=\count431
\t@pgf@toka=\toks36
\t@pgf@tokb=\toks37
\t@pgf@tokc=\toks38
\pgf@sys@id@count=\count432

(/usr/share/texmf-dist/tex/generic/pgf/systemlayer/pgf.cfg
File: pgf.cfg 2019/08/03 v3.1.4b (3.1.4b)
)
Driver file for pgf: pgfsys-pdftex.def

(/usr/share/texmf-dist/tex/generic/pgf/systemlayer/pgfsys-pdftex.def
File: pgfsys-pdftex.def 2019/08/03 v3.1.4b (3.1.4b)

(/usr/share/texmf-dist/tex/generic/pgf/systemlayer/pgfsys-common-pdf.def
File: pgfsys-common-pdf.def 2019/08/03 v3.1.4b (3.1.4b)
)))
(/usr/share/texmf-dist/tex/generic/pgf/systemlayer/pgfsyssoftpath.code.tex
File: pgfsyssoftpath.code.tex 2019/08/03 v3.1.4b (3.1.4b)
\pgfsyssoftpath@smallbuffer@items=\count433
\pgfsyssoftpath@bigbuffer@items=\count434
)
(/usr/share/texmf-dist/tex/generic/pgf/systemlayer/pgfsysprotocol.code.tex
File: pgfsysprotocol.code.tex 2019/08/03 v3.1.4b (3.1.4b)
))
(/usr/share/texmf-dist/tex/generic/pgf/basiclayer/pgfcore.code.tex
Package: pgfcore 2019/08/03 v3.1.4b (3.1.4b)

(/usr/share/texmf-dist/tex/generic/pgf/math/pgfmath.code.tex
(/usr/share/texmf-dist/tex/generic/pgf/math/pgfmathcalc.code.tex
(/usr/share/texmf-dist/tex/generic/pgf/math/pgfmathutil.code.tex)
(/usr/share/texmf-dist/tex/generic/pgf/math/pgfmathparser.code.tex
\pgfmath@dimen=\dimen264
\pgfmath@count=\count435
\pgfmath@box=\box70
\pgfmath@toks=\toks39
\pgfmath@stack@operand=\toks40
\pgfmath@stack@operation=\toks41
)
(/usr/share/texmf-dist/tex/generic/pgf/math/pgfmathfunctions.code.tex
(/usr/share/texmf-dist/tex/generic/pgf/math/pgfmathfunctions.basic.code.tex)
(/usr/share/texmf-dist/tex/generic/pgf/math/pgfmathfunctions.trigonometric.code
.tex)
(/usr/share/texmf-dist/tex/generic/pgf/math/pgfmathfunctions.random.code.tex)
(/usr/share/texmf-dist/tex/generic/pgf/math/pgfmathfunctions.comparison.code.te
x) (/usr/share/texmf-dist/tex/generic/pgf/math/pgfmathfunctions.base.code.tex)
(/usr/share/texmf-dist/tex/generic/pgf/math/pgfmathfunctions.round.code.tex)
(/usr/share/texmf-dist/tex/generic/pgf/math/pgfmathfunctions.misc.code.tex)
(/usr/share/texmf-dist/tex/generic/pgf/math/pgfmathfunctions.integerarithmetics
.code.tex))) (/usr/share/texmf-dist/tex/generic/pgf/math/pgfmathfloat.code.tex
\c@pgfmathroundto@lastzeros=\count436
)) (/usr/share/texmf-dist/tex/generic/pgf/math/pgfint.code.tex)
(/usr/share/texmf-dist/tex/generic/pgf/basiclayer/pgfcorepoints.code.tex
File: pgfcorepoints.code.tex 2019/08/03 v3.1.4b (3.1.4b)
\pgf@picminx=\dimen265
\pgf@picmaxx=\dimen266
\pgf@picminy=\dimen267
\pgf@picmaxy=\dimen268
\pgf@pathminx=\dimen269
\pgf@pathmaxx=\dimen270
\pgf@pathminy=\dimen271
\pgf@pathmaxy=\dimen272
\pgf@xx=\dimen273
\pgf@xy=\dimen274
\pgf@yx=\dimen275
\pgf@yy=\dimen276
\pgf@zx=\dimen277
\pgf@zy=\dimen278
)
(/usr/share/texmf-dist/tex/generic/pgf/basiclayer/pgfcorepathconstruct.code.tex
File: pgfcorepathconstruct.code.tex 2019/08/03 v3.1.4b (3.1.4b)
\pgf@path@lastx=\dimen279
\pgf@path@lasty=\dimen280
) (/usr/share/texmf-dist/tex/generic/pgf/basiclayer/pgfcorepathusage.code.tex
File: pgfcorepathusage.code.tex 2019/08/03 v3.1.4b (3.1.4b)
\pgf@shorten@end@additional=\dimen281
\pgf@shorten@start@additional=\dimen282
)
(/usr/share/texmf-dist/tex/generic/pgf/basiclayer/pgfcorescopes.code.tex
File: pgfcorescopes.code.tex 2019/08/03 v3.1.4b (3.1.4b)
\pgfpic=\box71
\pgf@hbox=\box72
\pgf@layerbox@main=\box73
\pgf@picture@serial@count=\count437
)
(/usr/share/texmf-dist/tex/generic/pgf/basiclayer/pgfcoregraphicstate.code.tex
File: pgfcoregraphicstate.code.tex 2019/08/03 v3.1.4b (3.1.4b)
\pgflinewidth=\dimen283
)
(/usr/share/texmf-dist/tex/generic/pgf/basiclayer/pgfcoretransformations.code.t
ex
File: pgfcoretransformations.code.tex 2019/08/03 v3.1.4b (3.1.4b)
\pgf@pt@x=\dimen284
\pgf@pt@y=\dimen285
\pgf@pt@temp=\dimen286
) (/usr/share/texmf-dist/tex/generic/pgf/basiclayer/pgfcorequick.code.tex
File: pgfcorequick.code.tex 2019/08/03 v3.1.4b (3.1.4b)
)
(/usr/share/texmf-dist/tex/generic/pgf/basiclayer/pgfcoreobjects.code.tex
File: pgfcoreobjects.code.tex 2019/08/03 v3.1.4b (3.1.4b)
)
(/usr/share/texmf-dist/tex/generic/pgf/basiclayer/pgfcorepathprocessing.code.te
x
File: pgfcorepathprocessing.code.tex 2019/08/03 v3.1.4b (3.1.4b)
) (/usr/share/texmf-dist/tex/generic/pgf/basiclayer/pgfcorearrows.code.tex
File: pgfcorearrows.code.tex 2019/08/03 v3.1.4b (3.1.4b)
\pgfarrowsep=\dimen287
)
(/usr/share/texmf-dist/tex/generic/pgf/basiclayer/pgfcoreshade.code.tex
File: pgfcoreshade.code.tex 2019/08/03 v3.1.4b (3.1.4b)
\pgf@max=\dimen288
\pgf@sys@shading@range@num=\count438
\pgf@shadingcount=\count439
)
(/usr/share/texmf-dist/tex/generic/pgf/basiclayer/pgfcoreimage.code.tex
File: pgfcoreimage.code.tex 2019/08/03 v3.1.4b (3.1.4b)

(/usr/share/texmf-dist/tex/generic/pgf/basiclayer/pgfcoreexternal.code.tex
File: pgfcoreexternal.code.tex 2019/08/03 v3.1.4b (3.1.4b)
\pgfexternal@startupbox=\box74
))
(/usr/share/texmf-dist/tex/generic/pgf/basiclayer/pgfcorelayers.code.tex
File: pgfcorelayers.code.tex 2019/08/03 v3.1.4b (3.1.4b)
)
(/usr/share/texmf-dist/tex/generic/pgf/basiclayer/pgfcoretransparency.code.tex
File: pgfcoretransparency.code.tex 2019/08/03 v3.1.4b (3.1.4b)
) (/usr/share/texmf-dist/tex/generic/pgf/basiclayer/pgfcorepatterns.code.tex
File: pgfcorepatterns.code.tex 2019/08/03 v3.1.4b (3.1.4b)
)
(/usr/share/texmf-dist/tex/generic/pgf/basiclayer/pgfcorerdf.code.tex
File: pgfcorerdf.code.tex 2019/08/03 v3.1.4b (3.1.4b)
)))
(/usr/share/texmf-dist/tex/generic/pgf/modules/pgfmoduleshapes.code.tex
File: pgfmoduleshapes.code.tex 2019/08/03 v3.1.4b (3.1.4b)
\pgfnodeparttextbox=\box75
)
(/usr/share/texmf-dist/tex/generic/pgf/modules/pgfmoduleplot.code.tex
File: pgfmoduleplot.code.tex 2019/08/03 v3.1.4b (3.1.4b)
)
(/usr/share/texmf-dist/tex/latex/pgf/compatibility/pgfcomp-version-0-65.sty
Package: pgfcomp-version-0-65 2019/08/03 v3.1.4b (3.1.4b)
\pgf@nodesepstart=\dimen289
\pgf@nodesepend=\dimen290
)
(/usr/share/texmf-dist/tex/latex/pgf/compatibility/pgfcomp-version-1-18.sty
Package: pgfcomp-version-1-18 2019/08/03 v3.1.4b (3.1.4b)
))
(/usr/share/texmf-dist/tex/latex/pgf/utilities/pgffor.sty
(/usr/share/texmf-dist/tex/latex/pgf/utilities/pgfkeys.sty
(/usr/share/texmf-dist/tex/generic/pgf/utilities/pgfkeys.code.tex))
(/usr/share/texmf-dist/tex/latex/pgf/math/pgfmath.sty
(/usr/share/texmf-dist/tex/generic/pgf/math/pgfmath.code.tex))
(/usr/share/texmf-dist/tex/generic/pgf/utilities/pgffor.code.tex
Package: pgffor 2019/08/03 v3.1.4b (3.1.4b)

(/usr/share/texmf-dist/tex/generic/pgf/math/pgfmath.code.tex)
\pgffor@iter=\dimen291
\pgffor@skip=\dimen292
\pgffor@stack=\toks42
\pgffor@toks=\toks43
))
(/usr/share/texmf-dist/tex/generic/pgf/frontendlayer/tikz/tikz.code.tex
Package: tikz 2019/08/03 v3.1.4b (3.1.4b)

(/usr/share/texmf-dist/tex/generic/pgf/libraries/pgflibraryplothandlers.code.te
x
File: pgflibraryplothandlers.code.tex 2019/08/03 v3.1.4b (3.1.4b)
\pgf@plot@mark@count=\count440
\pgfplotmarksize=\dimen293
)
\tikz@lastx=\dimen294
\tikz@lasty=\dimen295
\tikz@lastxsaved=\dimen296
\tikz@lastysaved=\dimen297
\tikz@lastmovetox=\dimen298
\tikz@lastmovetoy=\dimen299
\tikzleveldistance=\dimen300
\tikzsiblingdistance=\dimen301
\tikz@figbox=\box76
\tikz@figbox@bg=\box77
\tikz@tempbox=\box78
\tikz@tempbox@bg=\box79
\tikztreelevel=\count441
\tikznumberofchildren=\count442
\tikznumberofcurrentchild=\count443
\tikz@fig@count=\count444
 (/usr/share/texmf-dist/tex/generic/pgf/modules/pgfmodulematrix.code.tex
File: pgfmodulematrix.code.tex 2019/08/03 v3.1.4b (3.1.4b)
\pgfmatrixcurrentrow=\count445
\pgfmatrixcurrentcolumn=\count446
\pgf@matrix@numberofcolumns=\count447
)
\tikz@expandcount=\count448

(/usr/share/texmf-dist/tex/generic/pgf/frontendlayer/tikz/libraries/tikzlibrary
topaths.code.tex
File: tikzlibrarytopaths.code.tex 2019/08/03 v3.1.4b (3.1.4b)
))) (/usr/share/texmf-dist/tex/latex/caption/subcaption.sty
Package: subcaption 2019/09/01 v1.3a Sub-captions (AR)
\c@subfigure=\count449
\c@subtable=\count450
)
(/usr/share/texmf-dist/tex/latex/circuitikz/circuitikz.sty
Package: circuitikz 2019/10/12{} The CircuiTikz circuit drawing package version
 0.9.5

(/usr/share/texmf-dist/tex/generic/pgf/frontendlayer/tikz/libraries/tikzlibrary
calc.code.tex
File: tikzlibrarycalc.code.tex 2019/08/03 v3.1.4b (3.1.4b)
)
(/usr/share/texmf-dist/tex/generic/pgf/libraries/pgflibraryarrows.meta.code.tex
File: pgflibraryarrows.meta.code.tex 2019/08/03 v3.1.4b (3.1.4b)
\pgfarrowinset=\dimen302
\pgfarrowlength=\dimen303
\pgfarrowwidth=\dimen304
\pgfarrowlinewidth=\dimen305
)
(/usr/share/texmf-dist/tex/generic/pgf/frontendlayer/tikz/libraries/tikzlibrary
bending.code.tex
File: tikzlibrarybending.code.tex 2019/08/03 v3.1.4b (3.1.4b)

(/usr/share/texmf-dist/tex/generic/pgf/modules/pgfmodulebending.code.tex
File: pgfmodulebending.code.tex 2019/08/03 v3.1.4b (3.1.4b)

(/usr/share/texmf-dist/tex/generic/pgf/modules/pgfmodulenonlineartransformation
s.code.tex
File: pgfmodulenonlineartransformations.code.tex 2019/08/03 v3.1.4b (3.1.4b)
\pgftransformnonlinearflatness=\dimen306
)
(/usr/share/texmf-dist/tex/generic/pgf/libraries/pgflibrarycurvilinear.code.tex
File: pgflibrarycurvilinear.code.tex 2019/08/03 v3.1.4b (3.1.4b)
\pgf@curvilinear@time@a=\dimen307
\pgf@curvilinear@length@a=\dimen308
\pgf@curvilinear@length@b=\dimen309
\pgf@curvilinear@length@c=\dimen310
\pgf@curvilinear@length@d=\dimen311
)
\pgf@arrows@the@rigidity=\dimen312
)) (/usr/share/texmf-dist/tex/generic/circuitikz/pgfcirc.defines.tex
\pgf@circ@count@a=\count451
\pgf@circ@count@b=\count452
\pgf@circ@count@c=\count453
\pgf@circ@res@up=\dimen313
\pgf@circ@res@down=\dimen314
\pgf@circ@res@zero=\dimen315
\pgf@circ@res@left=\dimen316
\pgf@circ@res@right=\dimen317
\pgf@circ@res@other=\dimen318
\pgf@circ@res@step=\dimen319
\pgf@circ@res@temp=\dimen320
\pgfstartlinewidth=\dimen321
\pgf@circ@Rlen=\dimen322
\pgf@circ@scaled@Rlen=\dimen323
)
(/usr/share/texmf-dist/tex/generic/circuitikz/pgfcircutils.tex)
(/usr/share/texmf-dist/tex/generic/circuitikz/pgfcircshapes.tex)
(/usr/share/texmf-dist/tex/generic/circuitikz/pgfcircmonopoles.tex)
(/usr/share/texmf-dist/tex/generic/circuitikz/pgfcircbipoles.tex)
(/usr/share/texmf-dist/tex/generic/circuitikz/pgfcirctripoles.tex
\pgf@circ@res@count=\count454
)
(/usr/share/texmf-dist/tex/generic/circuitikz/pgfcircquadpoles.tex)
(/usr/share/texmf-dist/tex/generic/circuitikz/pgfcircmultipoles.tex)
(/usr/share/texmf-dist/tex/generic/circuitikz/pgfcirclabel.tex)
(/usr/share/texmf-dist/tex/generic/circuitikz/pgfcircvoltage.tex)
(/usr/share/texmf-dist/tex/generic/circuitikz/pgfcirccurrent.tex)
(/usr/share/texmf-dist/tex/generic/circuitikz/pgfcircflow.tex)
(/usr/share/texmf-dist/tex/generic/circuitikz/pgfcircpath.tex)

Package circuitikz Warning: You did not specify one of the voltage directions:
(circuitikz)                  oldvoltagedirection, nooldvoltagedirection, 
(circuitikz)                  RPvoltages or EFvoltages 
(circuitikz)                Default directions may have changed, 
(circuitikz)                please check the manual.

) (/usr/share/texmf-dist/tex/latex/wasysym/wasysym.sty
Package: wasysym 2003/10/30 v2.0 Wasy-2 symbol support package
\symwasy=\mathgroup6
LaTeX Font Info:    Overwriting symbol font `wasy' in version `bold'
(Font)                  U/wasy/m/n --> U/wasy/b/n on input line 90.
)
(/usr/share/texmf-dist/tex/generic/pgf/frontendlayer/tikz/libraries/tikzlibrary
positioning.code.tex
File: tikzlibrarypositioning.code.tex 2019/08/03 v3.1.4b (3.1.4b)
)
\c@HXt=\count455
\c@HXl=\count456
\c@HXc=\count457
\c@HXd=\count458
\c@HXf=\count459
\c@HXcl=\count460
\c@IP=\count461
\c@Bt=\count462
\c@Bl=\count463
\c@Bd=\count464
\c@Bf=\count465
 (/usr/share/texmf-dist/tex/latex/hyperref/hyperref.sty
Package: hyperref 2019/09/28 v7.00a Hypertext links for LaTeX

(/usr/share/texmf-dist/tex/generic/oberdiek/hobsub-hyperref.sty
Package: hobsub-hyperref 2016/05/16 v1.14 Bundle oberdiek, subset hyperref (HO)


(/usr/share/texmf-dist/tex/generic/oberdiek/hobsub-generic.sty
Package: hobsub-generic 2016/05/16 v1.14 Bundle oberdiek, subset generic (HO)
Package: hobsub 2016/05/16 v1.14 Construct package bundles (HO)
Package hobsub Info: Skipping package `infwarerr' (already loaded).
Package hobsub Info: Skipping package `ltxcmds' (already loaded).
Package hobsub Info: Skipping package `ifluatex' (already loaded).
Package hobsub Info: Skipping package `ifvtex' (already loaded).
Package: intcalc 2016/05/16 v1.2 Expandable calculations with integers (HO)
Package hobsub Info: Skipping package `ifpdf' (already loaded).
Package hobsub Info: Skipping package `etexcmds' (already loaded).
Package hobsub Info: Skipping package `kvsetkeys' (already loaded).
Package: kvdefinekeys 2016/05/16 v1.4 Define keys (HO)
Package hobsub Info: Skipping package `pdftexcmds' (already loaded).
Package: pdfescape 2016/05/16 v1.14 Implements pdfTeX's escape features (HO)
Package: bigintcalc 2016/05/16 v1.4 Expandable calculations on big integers (HO
)
Package: bitset 2016/05/16 v1.2 Handle bit-vector datatype (HO)
Package: uniquecounter 2016/05/16 v1.3 Provide unlimited unique counter (HO)
)
Package hobsub Info: Skipping package `hobsub' (already loaded).
Package: letltxmacro 2016/05/16 v1.5 Let assignment for LaTeX macros (HO)
Package: hopatch 2016/05/16 v1.3 Wrapper for package hooks (HO)
Package: xcolor-patch 2016/05/16 xcolor patch
Package: atveryend 2016/05/16 v1.9 Hooks at the very end of document (HO)
Package: atbegshi 2016/06/09 v1.18 At begin shipout hook (HO)
Package: refcount 2016/05/16 v3.5 Data extraction from label references (HO)
Package: hycolor 2016/05/16 v1.8 Color options for hyperref/bookmark (HO)
)
(/usr/share/texmf-dist/tex/latex/oberdiek/auxhook.sty
Package: auxhook 2016/05/16 v1.4 Hooks for auxiliary files (HO)
)
\@linkdim=\dimen324
\Hy@linkcounter=\count466
\Hy@pagecounter=\count467

(/usr/share/texmf-dist/tex/latex/hyperref/pd1enc.def
File: pd1enc.def 2019/09/28 v7.00a Hyperref: PDFDocEncoding definition (HO)
Now handling font encoding PD1 ...
... no UTF-8 mapping file for font encoding PD1
)
\Hy@SavedSpaceFactor=\count468

(/usr/share/texmf-dist/tex/latex/latexconfig/hyperref.cfg
File: hyperref.cfg 2002/06/06 v1.2 hyperref configuration of TeXLive
)
Package hyperref Info: Hyper figures OFF on input line 4540.
Package hyperref Info: Link nesting OFF on input line 4545.
Package hyperref Info: Hyper index ON on input line 4548.
Package hyperref Info: Plain pages OFF on input line 4555.
Package hyperref Info: Backreferencing OFF on input line 4560.
Package hyperref Info: Implicit mode ON; LaTeX internals redefined.
Package hyperref Info: Bookmarks ON on input line 4793.
\c@Hy@tempcnt=\count469
LaTeX Info: Redefining \url on input line 5152.
\XeTeXLinkMargin=\dimen325
\Fld@menulength=\count470
\Field@Width=\dimen326
\Fld@charsize=\dimen327
Package hyperref Info: Hyper figures OFF on input line 6423.
Package hyperref Info: Link nesting OFF on input line 6428.
Package hyperref Info: Hyper index ON on input line 6431.
Package hyperref Info: backreferencing OFF on input line 6438.
Package hyperref Info: Link coloring OFF on input line 6443.
Package hyperref Info: Link coloring with OCG OFF on input line 6448.
Package hyperref Info: PDF/A mode OFF on input line 6453.
LaTeX Info: Redefining \ref on input line 6493.
LaTeX Info: Redefining \pageref on input line 6497.
\Hy@abspage=\count471
\c@Item=\count472
\c@Hfootnote=\count473
)
Package scrhack Info: hyperref hack deactivated because of
(scrhack)             detection of hyperref version, that doesn't
(scrhack)             need that hack, on input line 133.
Package hyperref Info: Driver (autodetected): hpdftex.

(/usr/share/texmf-dist/tex/latex/hyperref/hpdftex.def
File: hpdftex.def 2019/09/28 v7.00a Hyperref driver for pdfTeX
\Fld@listcount=\count474
\c@bookmark@seq@number=\count475

(/usr/share/texmf-dist/tex/latex/oberdiek/rerunfilecheck.sty
Package: rerunfilecheck 2016/05/16 v1.8 Rerun checks for auxiliary files (HO)
Package uniquecounter Info: New unique counter `rerunfilecheck' on input line 2
82.
)
\Hy@SectionHShift=\skip107
)
Package hyperref Info: Option `bookmarksopen' set `true' on input line 133.
Package hyperref Info: Option `hypertexnames' set `false' on input line 133.
Package hyperref Info: Option `colorlinks' set `true' on input line 133.
Package hyperref Info: Option `unicode' set `true' on input line 133.

(/usr/share/texmf-dist/tex/latex/hyperref/puenc.def
File: puenc.def 2019/09/28 v7.00a Hyperref: PDF Unicode definition (HO)
Now handling font encoding PU ...
... no UTF-8 mapping file for font encoding PU
)
Package hyperref Info: Option `breaklinks' set `true' on input line 133.
Package biblatex Info: Trying to load language 'english'...
Package biblatex Info: ... file 'english.lbx' found.

(/usr/share/texmf-dist/tex/latex/biblatex/lbx/english.lbx
File: english.lbx 2019/08/31 v3.13a biblatex localization (PK/MW)
)
Package csquotes Info: Checking for multilingual support...
Package csquotes Info: ... found 'babel' package.
 (./main.aux)
\openout1 = `main.aux'.

LaTeX Font Info:    Checking defaults for OML/cmm/m/it on input line 133.
LaTeX Font Info:    ... okay on input line 133.
LaTeX Font Info:    Checking defaults for T1/cmr/m/n on input line 133.
LaTeX Font Info:    ... okay on input line 133.
LaTeX Font Info:    Checking defaults for OT1/cmr/m/n on input line 133.
LaTeX Font Info:    ... okay on input line 133.
LaTeX Font Info:    Checking defaults for OMS/cmsy/m/n on input line 133.
LaTeX Font Info:    ... okay on input line 133.
LaTeX Font Info:    Checking defaults for OMX/cmex/m/n on input line 133.
LaTeX Font Info:    ... okay on input line 133.
LaTeX Font Info:    Checking defaults for U/cmr/m/n on input line 133.
LaTeX Font Info:    ... okay on input line 133.
LaTeX Font Info:    Checking defaults for PD1/pdf/m/n on input line 133.
LaTeX Font Info:    ... okay on input line 133.
LaTeX Font Info:    Checking defaults for PU/pdf/m/n on input line 133.
LaTeX Font Info:    ... okay on input line 133.
LaTeX Font Info:    Trying to load font information for T1+lmr on input line 13
3.

(/usr/share/texmf-dist/tex/latex/lm/t1lmr.fd
File: t1lmr.fd 2009/10/30 v1.6 Font defs for Latin Modern
)
Now handling font encoding TS1 ...
... processing UTF-8 mapping file for font encoding TS1

(/usr/share/texmf-dist/tex/latex/base/ts1enc.dfu
File: ts1enc.dfu 2019/07/11 v1.2j UTF-8 support for inputenc
   defining Unicode char U+00A2 (decimal 162)
   defining Unicode char U+00A3 (decimal 163)
   defining Unicode char U+00A4 (decimal 164)
   defining Unicode char U+00A5 (decimal 165)
   defining Unicode char U+00A6 (decimal 166)
   defining Unicode char U+00A7 (decimal 167)
   defining Unicode char U+00A8 (decimal 168)
   defining Unicode char U+00A9 (decimal 169)
   defining Unicode char U+00AA (decimal 170)
   defining Unicode char U+00AC (decimal 172)
   defining Unicode char U+00AE (decimal 174)
   defining Unicode char U+00AF (decimal 175)
   defining Unicode char U+00B0 (decimal 176)
   defining Unicode char U+00B1 (decimal 177)
   defining Unicode char U+00B2 (decimal 178)
   defining Unicode char U+00B3 (decimal 179)
   defining Unicode char U+00B4 (decimal 180)
   defining Unicode char U+00B5 (decimal 181)
   defining Unicode char U+00B6 (decimal 182)
   defining Unicode char U+00B7 (decimal 183)
   defining Unicode char U+00B9 (decimal 185)
   defining Unicode char U+00BA (decimal 186)
   defining Unicode char U+00BC (decimal 188)
   defining Unicode char U+00BD (decimal 189)
   defining Unicode char U+00BE (decimal 190)
   defining Unicode char U+00D7 (decimal 215)
   defining Unicode char U+00F7 (decimal 247)
   defining Unicode char U+0192 (decimal 402)
   defining Unicode char U+02C7 (decimal 711)
   defining Unicode char U+02D8 (decimal 728)
   defining Unicode char U+02DD (decimal 733)
   defining Unicode char U+0E3F (decimal 3647)
   defining Unicode char U+2016 (decimal 8214)
   defining Unicode char U+2020 (decimal 8224)
   defining Unicode char U+2021 (decimal 8225)
   defining Unicode char U+2022 (decimal 8226)
   defining Unicode char U+2030 (decimal 8240)
   defining Unicode char U+2031 (decimal 8241)
   defining Unicode char U+203B (decimal 8251)
   defining Unicode char U+203D (decimal 8253)
   defining Unicode char U+2044 (decimal 8260)
   defining Unicode char U+204E (decimal 8270)
   defining Unicode char U+2052 (decimal 8274)
   defining Unicode char U+20A1 (decimal 8353)
   defining Unicode char U+20A4 (decimal 8356)
   defining Unicode char U+20A6 (decimal 8358)
   defining Unicode char U+20A9 (decimal 8361)
   defining Unicode char U+20AB (decimal 8363)
   defining Unicode char U+20AC (decimal 8364)
   defining Unicode char U+20B1 (decimal 8369)
   defining Unicode char U+2103 (decimal 8451)
   defining Unicode char U+2116 (decimal 8470)
   defining Unicode char U+2117 (decimal 8471)
   defining Unicode char U+211E (decimal 8478)
   defining Unicode char U+2120 (decimal 8480)
   defining Unicode char U+2122 (decimal 8482)
   defining Unicode char U+2126 (decimal 8486)
   defining Unicode char U+2127 (decimal 8487)
   defining Unicode char U+212E (decimal 8494)
   defining Unicode char U+2190 (decimal 8592)
   defining Unicode char U+2191 (decimal 8593)
   defining Unicode char U+2192 (decimal 8594)
   defining Unicode char U+2193 (decimal 8595)
   defining Unicode char U+2329 (decimal 9001)
   defining Unicode char U+232A (decimal 9002)
   defining Unicode char U+2422 (decimal 9250)
   defining Unicode char U+25E6 (decimal 9702)
   defining Unicode char U+25EF (decimal 9711)
   defining Unicode char U+266A (decimal 9834)
   defining Unicode char U+27E8 (decimal 10216)
   defining Unicode char U+27E9 (decimal 10217)
   defining Unicode char U+FEFF (decimal 65279)
)
(/usr/share/texmf-dist/tex/latex/translator/translator-basic-dictionary-English
.dict
Dictionary: translator-basic-dictionary, Language: English 
) (/usr/share/texmf-dist/tex/latex/siunitx/siunitx-abbreviations.cfg
File: siunitx-abbreviations.cfg 2017/11/26 v2.7k siunitx: Abbreviated units
)
(/usr/share/texmf-dist/tex/context/base/mkii/supp-pdf.mkii
[Loading MPS to PDF converter (version 2006.09.02).]
\scratchcounter=\count476
\scratchdimen=\dimen328
\scratchbox=\box80
\nofMPsegments=\count477
\nofMParguments=\count478
\everyMPshowfont=\toks44
\MPscratchCnt=\count479
\MPscratchDim=\dimen329
\MPnumerator=\count480
\makeMPintoPDFobject=\count481
\everyMPtoPDFconversion=\toks45
) (/usr/share/texmf-dist/tex/latex/oberdiek/epstopdf-base.sty
Package: epstopdf-base 2016/05/15 v2.6 Base part for package epstopdf

(/usr/share/texmf-dist/tex/latex/oberdiek/grfext.sty
Package: grfext 2016/05/16 v1.2 Manage graphics extensions (HO)
)
Package epstopdf-base Info: Redefining graphics rule for `.eps' on input line 4
38.
Package grfext Info: Graphics extension search list:
(grfext)             [.pdf,.png,.jpg,.mps,.jpeg,.jbig2,.jb2,.PDF,.PNG,.JPG,.JPE
G,.JBIG2,.JB2,.eps]
(grfext)             \AppendGraphicsExtensions on input line 456.

(/usr/share/texmf-dist/tex/latex/latexconfig/epstopdf-sys.cfg
File: epstopdf-sys.cfg 2010/07/13 v1.3 Configuration of (r)epstopdf for TeX Liv
e
))
Package caption Info: Begin \AtBeginDocument code.
Package caption Info: hyperref package is loaded.
Package caption Info: End \AtBeginDocument code.

*geometry* driver: auto-detecting
*geometry* detected driver: pdftex
*geometry* verbose mode - [ preamble ] result:
* driver: pdftex
* paper: a4paper
* layout: <same size as paper>
* layoutoffset:(h,v)=(0.0pt,0.0pt)
* bindingoffset: 14.22636pt
* modes: includehead includefoot twoside 
* h-part:(L,W,R)=(71.13188pt, 404.02908pt, 108.12054pt)
* v-part:(T,H,B)=(42.67912pt, 759.6886pt, 42.67912pt)
* \paperwidth=597.50787pt
* \paperheight=845.04684pt
* \textwidth=404.02908pt
* \textheight=693.49821pt
* \oddsidemargin=13.08826pt
* \evensidemargin=35.85056pt
* \topmargin=-29.59087pt
* \headheight=18.85364pt
* \headsep=19.8738pt
* \topskip=11.0pt
* \footskip=27.46295pt
* \marginparwidth=116.0pt
* \marginparsep=7.0pt
* \columnsep=10.0pt
* \skip\footins=10.0pt plus 4.0pt minus 2.0pt
* \hoffset=0.0pt
* \voffset=0.0pt
* \mag=1000
* \@twocolumnfalse
* \@twosidetrue
* \@mparswitchtrue
* \@reversemarginfalse
* (1in=72.27pt=25.4mm, 1cm=28.453pt)

Package scrlayer Info: Setting magic \footheight to \baselineskip while
(scrlayer)             \begin{document} on input line 133.
Package scrbase Info: activating english \abbrevname on input line 133.
Package scrbase Info: activating english \byname on input line 133.
Package scrbase Info: activating english \acknowledgementname on input line 133
.
Package scrbase Info: activating english \authorshipname on input line 133.
Package scrbase Info: activating english \constantsname on input line 133.
Package scrbase Info: activating english \symbolsname on input line 133.
Package biblatex Info: Input encoding 'utf8' detected.
Package biblatex Info: Automatic encoding selection.
(biblatex)             Assuming data encoding 'utf8'.
Package biblatex Info: Input encoding 'utf8' specified.
Package biblatex Info: Data encoding 'utf8' specified.
(biblatex)             No need to reencode data.
\openout3 = `main-blx.bib'.

Package biblatex Info: Trying to load bibliographic data...
Package biblatex Info: ... file 'main.bbl' found.
(./main.bbl

Package biblatex Warning: BibTeX reported the following issues
(biblatex)                with '10.1145/3055399.3055499':
(biblatex)                - Can't use 'location' + 'address'.


Package biblatex Warning: BibTeX reported the following issues
(biblatex)                with '10.5555/1496770.1496834':
(biblatex)                - Can't use 'location' + 'address'.


Package biblatex Warning: BibTeX reported the following issues
(biblatex)                with '10.5555/2722129.2722263':
(biblatex)                - Can't use 'location' + 'address'.


Package biblatex Warning: BibTeX reported the following issues
(biblatex)                with '10.1145/3188745.3188852':
(biblatex)                - Can't use 'location' + 'address'.


Package biblatex Warning: BibTeX reported the following issues
(biblatex)                with '10.1145/237814.237880':
(biblatex)                - Can't use 'location' + 'address'.

)
Package biblatex Info: Reference section=0 on input line 133.
Package biblatex Info: Reference segment=0 on input line 133.
 ABD: EveryShipout initializing macros
\AtBeginShipoutBox=\box81
Package hyperref Info: Link coloring ON on input line 133.

(/usr/share/texmf-dist/tex/latex/hyperref/nameref.sty
Package: nameref 2019/09/16 v2.46 Cross-referencing by name of section

(/usr/share/texmf-dist/tex/generic/oberdiek/gettitlestring.sty
Package: gettitlestring 2016/05/16 v1.5 Cleanup title references (HO)
)
\c@section@level=\count482
)
LaTeX Info: Redefining \ref on input line 133.
LaTeX Info: Redefining \pageref on input line 133.
LaTeX Info: Redefining \nameref on input line 133.
 (./main.out)
(./main.out)
\@outlinefile=\write5
\openout5 = `main.out'.

LaTeX Font Info:    Trying to load font information for OT1+lmr on input line 1
33.
 (/usr/share/texmf-dist/tex/latex/lm/ot1lmr.fd
File: ot1lmr.fd 2009/10/30 v1.6 Font defs for Latin Modern
)
LaTeX Font Info:    Trying to load font information for OML+lmm on input line 1
33.

(/usr/share/texmf-dist/tex/latex/lm/omllmm.fd
File: omllmm.fd 2009/10/30 v1.6 Font defs for Latin Modern
)
LaTeX Font Info:    Trying to load font information for OMS+lmsy on input line 
133.

(/usr/share/texmf-dist/tex/latex/lm/omslmsy.fd
File: omslmsy.fd 2009/10/30 v1.6 Font defs for Latin Modern
)
LaTeX Font Info:    Trying to load font information for OMX+lmex on input line 
133.

(/usr/share/texmf-dist/tex/latex/lm/omxlmex.fd
File: omxlmex.fd 2009/10/30 v1.6 Font defs for Latin Modern
)
LaTeX Font Info:    External font `lmex10' loaded for size
(Font)              <10.95> on input line 133.
LaTeX Font Info:    External font `lmex10' loaded for size
(Font)              <8> on input line 133.
LaTeX Font Info:    External font `lmex10' loaded for size
(Font)              <6> on input line 133.
LaTeX Font Info:    Trying to load font information for U+msa on input line 133
.

(/usr/share/texmf-dist/tex/latex/amsfonts/umsa.fd
File: umsa.fd 2013/01/14 v3.01 AMS symbols A
)
LaTeX Font Info:    Trying to load font information for U+msb on input line 133
.

(/usr/share/texmf-dist/tex/latex/amsfonts/umsb.fd
File: umsb.fd 2013/01/14 v3.01 AMS symbols B
)
LaTeX Font Info:    Trying to load font information for U+wasy on input line 13
3.

(/usr/share/texmf-dist/tex/latex/wasysym/uwasy.fd
File: uwasy.fd 2003/10/30 v2.0 Wasy-2 symbol font definitions
)
LaTeX Font Info:    Trying to load font information for OT1+lmss on input line 
133.

(/usr/share/texmf-dist/tex/latex/lm/ot1lmss.fd
File: ot1lmss.fd 2009/10/30 v1.6 Font defs for Latin Modern
)
LaTeX Font Info:    Trying to load font information for OT1+lmtt on input line 
133.

(/usr/share/texmf-dist/tex/latex/lm/ot1lmtt.fd
File: ot1lmtt.fd 2009/10/30 v1.6 Font defs for Latin Modern
)
1: section
[1



{/var/lib/texmf/fonts/map/pdftex/updmap/pdftex.map}] [2

]
--------------------
 Declaration of Authorship
--------------------
LaTeX Font Info:    Trying to load font information for OMS+lmr on input line 1
91.
(/usr/share/texmf-dist/tex/latex/lm/omslmr.fd
File: omslmr.fd 2009/10/30 v1.6 Font defs for Latin Modern
)
LaTeX Font Info:    Font shape `OMS/lmr/m/n' in size <10.95> not available
(Font)              Font shape `OMS/lmsy/m/n' tried instead on input line 191.

1: section
[3] [4

]
--------------------
 Abstract
--------------------
1: section
[5] [6

]
--------------------
 Acknowledgements
--------------------
1: section
[7] [8

] (./main.toc
1: section
[9])
\tf@toc=\write6
\openout6 = `main.toc'.

 [10] (./main.lof)
\tf@lof=\write7
\openout7 = `main.lof'.


1: section
[11

] [12

]
1: section
(./Chapters/Chapter1.tex
Chapter 1.

Package hyperref Warning: Difference (2) between bookmark levels is greater 
(hyperref)                than one, level fixed on input line 40.


Package hyperref Warning: Difference (2) between bookmark levels is greater 
(hyperref)                than one, level fixed on input line 43.

1: section
[1

]) (./Chapters/Chapter2.tex [2]
Chapter 2.
1: section
[3

]
LaTeX Font Info:    External font `lmex10' loaded for size
(Font)              <9> on input line 112.
LaTeX Font Info:    External font `lmex10' loaded for size
(Font)              <5> on input line 112.
 [4] [5]
Missing character: There is no 0 in font nullfont!
Missing character: There is no ; in font nullfont!
\realshift=\dimen330
\realshift=\dimen331
\realshift=\dimen332
\realshift=\dimen333
\realshift=\dimen334
) (./Chapters/Chapter3.tex [6]
Chapter 3.

Underfull \hbox (badness 10000) in paragraph at lines 50--51

 []


LaTeX Warning: `!h' float specifier changed to `!ht'.

) (./Chapters/Chapter4.tex
1: section
[7

] [8]
Chapter 4.

Package hyperref Warning: Difference (2) between bookmark levels is greater 
(hyperref)                than one, level fixed on input line 37.

1: section
[9

] [10]
<Figures/HX-algo-screenshot.png, id=479, 670.97736pt x 653.97264pt>
File: Figures/HX-algo-screenshot.png Graphic file (type png)
<use Figures/HX-algo-screenshot.png>
Package pdftex.def Info: Figures/HX-algo-screenshot.png  used on input line 101
.
(pdftex.def)             Requested size: 469.68094pt x 457.77773pt.

Overfull \hbox (65.65186pt too wide) in paragraph at lines 101--103
[][] 
 []

LaTeX Font Info:    External font `lmex10' loaded for size
(Font)              <10> on input line 103.
LaTeX Font Info:    External font `lmex10' loaded for size
(Font)              <7> on input line 103.
[11 <./Figures/HX-algo-screenshot.png (PNG copy)>]
<Figures/alg-tree.pdf, id=488, 490.23149pt x 478.1865pt>
File: Figures/alg-tree.pdf Graphic file (type pdf)
<use Figures/alg-tree.pdf>
Package pdftex.def Info: Figures/alg-tree.pdf  used on input line 117.
(pdftex.def)             Requested size: 416.69873pt x 406.46043pt.

Overfull \hbox (12.66965pt too wide) in paragraph at lines 117--119
 [] 
 []

[12 <./Figures/alg-tree.pdf>]
<Figures/deps.pdf, id=543, 597.23125pt x 209.18149pt>
File: Figures/deps.pdf Graphic file (type pdf)
<use Figures/deps.pdf>
Package pdftex.def Info: Figures/deps.pdf  used on input line 131.
(pdftex.def)             Requested size: 418.05902pt x 146.42603pt.

Overfull \hbox (14.02994pt too wide) in paragraph at lines 131--132
 [] 
 []

[13 <./Figures/deps.pdf>] [14] [15]
Overfull \hbox (26.77843pt too wide) in paragraph at lines 372--373
[]\T1/lmr/m/n/10.95 From \T1/lmr/bx/n/10.95 The-o-rem 1 \T1/lmr/m/n/10.95 we kn
ow that $\OT1/lmr/m/n/10.95 (\OML/lmm/m/it/10.95 L[] \OMS/lmsy/m/n/10.95 ^^@ \O
ML/lmm/m/it/10.95 L[]\OT1/lmr/m/n/10.95 )[] = \OML/lmm/m/it/10.95 L[] \OMS/lmsy
/m/n/10.95 ^^@ []$\T1/lmr/m/n/10.95 .
 []

[16] [17]
Overfull \hbox (59.25922pt too wide) detected at line 513
\OT1/lmr/m/n/10.95 (\OML/lmm/m/it/10.95 L[] \OT1/lmr/m/n/10.95 + \OML/lmm/m/it/
10.95 k L[]\OT1/lmr/m/n/10.95 )[] = (\OML/lmm/m/it/10.95 L[]\OT1/lmr/m/n/10.95 
)[] \OMS/lmsy/m/n/10.95 ^^@ []
 []

[18]
Overfull \hbox (7.71399pt too wide) in paragraph at lines 532--533
[]\T1/lmr/m/n/10.95 From \T1/lmr/bx/n/10.95 The-o-rem 2 \T1/lmr/m/n/10.95 we ha
ve $\OML/lmm/m/it/10.95 M[] \OT1/lmr/m/n/10.95 = \OML/lmm/m/it/10.95 L[] \OMS/l
msy/m/n/10.95 ^^@ []$
 []

) (./Chapters/Chapter6.tex [19] [20

]
Chapter 5.
LaTeX Font Info:    Trying to load font information for T1+lmtt on input line 8
.
(/usr/share/texmf-dist/tex/latex/lm/t1lmtt.fd
File: t1lmtt.fd 2009/10/30 v1.6 Font defs for Latin Modern
))
1: section
[21] [22

]
1: section
[23] [24]
Overfull \hbox (22.6168pt too wide) in paragraph at lines 326--326
\T1/lmtt/m/n/10.95 / / terrytao . wordpress . com / 2013 / 01 / 13 / matrix -[]
 identities -[] as -[] derivatives -[]
 []

LaTeX Font Info:    Font shape `OMS/lmr/m/it' in size <10.95> not available
(Font)              Font shape `OMS/lmsy/m/n' tried instead on input line 326.
[25]
Package atveryend Info: Empty hook `BeforeClearDocument' on input line 330.
Package atveryend Info: Empty hook `AfterLastShipout' on input line 330.
 (./main.aux)
Package atveryend Info: Executing hook `AtVeryEndDocument' on input line 330.
Package atveryend Info: Executing hook `AtEndAfterFileList' on input line 330.
Package rerunfilecheck Info: File `main.out' has not changed.
(rerunfilecheck)             Checksum: 0DFE04686A6C14488A35E114CF91C82B;6373.
Package logreq Info: Writing requests to 'main.run.xml'.
\openout1 = `main.run.xml'.

 ) 
Here is how much of TeX's memory you used:
 59474 strings out of 492167
 1309671 string characters out of 6131559
 1631794 words of memory out of 5000000
 62959 multiletter control sequences out of 15000+600000
 693900 words of font info for 117 fonts, out of 8000000 for 9000
 1141 hyphenation exceptions out of 8191
 64i,20n,82p,793b,2998s stack positions out of 5000i,500n,10000p,200000b,80000s
{/usr/share/texmf-dist/fonts/enc/dvips/lm/lm-ec.enc}{/usr/share/texmf-dist/fo
nts/enc/dvips/lm/lm-rm.enc}{/usr/share/texmf-dist/fonts/enc/dvips/lm/lm-mathit.
enc}{/usr/share/texmf-dist/fonts/enc/dvips/lm/lm-mathex.enc}{/usr/share/texmf-d
ist/fonts/enc/dvips/lm/lm-mathsy.enc}</usr/share/texmf-dist/fonts/type1/public/
lm/lmbx10.pfb></usr/share/texmf-dist/fonts/type1/public/lm/lmbx12.pfb></usr/sha
re/texmf-dist/fonts/type1/public/lm/lmbx8.pfb></usr/share/texmf-dist/fonts/type
1/public/lm/lmbxi10.pfb></usr/share/texmf-dist/fonts/type1/public/lm/lmcsc10.pf
b></usr/share/texmf-dist/fonts/type1/public/lm/lmex10.pfb></usr/share/texmf-dis
t/fonts/type1/public/lm/lmmi10.pfb></usr/share/texmf-dist/fonts/type1/public/lm
/lmmi6.pfb></usr/share/texmf-dist/fonts/type1/public/lm/lmmi8.pfb></usr/share/t
exmf-dist/fonts/type1/public/lm/lmmi9.pfb></usr/share/texmf-dist/fonts/type1/pu
blic/lm/lmr10.pfb></usr/share/texmf-dist/fonts/type1/public/lm/lmr12.pfb></usr/
share/texmf-dist/fonts/type1/public/lm/lmr6.pfb></usr/share/texmf-dist/fonts/ty
pe1/public/lm/lmr8.pfb></usr/share/texmf-dist/fonts/type1/public/lm/lmr9.pfb></
usr/share/texmf-dist/fonts/type1/public/lm/lmri10.pfb></usr/share/texmf-dist/fo
nts/type1/public/lm/lmri12.pfb></usr/share/texmf-dist/fonts/type1/public/lm/lmr
i7.pfb></usr/share/texmf-dist/fonts/type1/public/lm/lmri8.pfb></usr/share/texmf
-dist/fonts/type1/public/lm/lmro10.pfb></usr/share/texmf-dist/fonts/type1/publi
c/lm/lmsy10.pfb></usr/share/texmf-dist/fonts/type1/public/lm/lmsy8.pfb></usr/sh
are/texmf-dist/fonts/type1/public/lm/lmtt10.pfb></usr/share/texmf-dist/fonts/ty
pe1/public/amsfonts/symbols/msam10.pfb></usr/share/texmf-dist/fonts/type1/publi
c/amsfonts/symbols/msbm10.pfb>
Output written on main.pdf (37 pages, 846603 bytes).
PDF statistics:
 884 PDF objects out of 1000 (max. 8388607)
 758 compressed objects within 8 object streams
 209 named destinations out of 1000 (max. 500000)
 394 words of extra memory for PDF output out of 10000 (max. 10000000)

